
**** Build of configuration Debug for project self_test_ADC ****

"C:\\ti\\ccsv7\\utils\\bin\\gmake" -k -j 4 all -O 
'Building file: ../main.c'
'Invoking: ARM Compiler'
"C:/ti/ccsv7/tools/compiler/ti-cgt-arm_16.9.4.LTS/bin/armcl" -mv7M4 --code_state=16 --float_support=FPv4SPD16 -me --include_path="C:/Users/lavesh/workspace_v7/self_test_ADC" --include_path="C:/ti/TivaWare_C_Series-2.1.4.178" --include_path="C:/ti/ccsv7/tools/compiler/ti-cgt-arm_16.9.4.LTS/include" --define=ccs="ccs" --define=PART_TM4C123GH6PM -g --gcc --diag_warning=225 --diag_wrap=off --display_error_number --abi=eabi --preproc_with_compile --preproc_dependency="main.d_raw"  "../main.c"
"../main.c", line 25: warning #552-D: variable "ADC_value" was set but never used
"../main.c", line 27: warning #552-D: variable "ADC_current" was set but never used
"../main.c", line 28: warning #179-D: variable "power" was declared but never referenced
"../main.c", line 32: warning #552-D: variable "rms_volt_val" was set but never used
"../main.c", line 33: warning #552-D: variable "rms_cur_val" was set but never used
"../main.c", line 34: warning #179-D: variable "rms_val" was declared but never referenced
'Finished building: ../main.c'
' '
'Building target: self_test_ADC.out'
'Invoking: ARM Linker'
"C:/ti/ccsv7/tools/compiler/ti-cgt-arm_16.9.4.LTS/bin/armcl" -mv7M4 --code_state=16 --float_support=FPv4SPD16 -me --define=ccs="ccs" --define=PART_TM4C123GH6PM -g --gcc --diag_warning=225 --diag_wrap=off --display_error_number --abi=eabi -z -m"self_test_ADC.map" --heap_size=0 --stack_size=512 -i"C:/ti/ccsv7/tools/compiler/ti-cgt-arm_16.9.4.LTS/lib" -i"C:/ti/ccsv7/tools/compiler/ti-cgt-arm_16.9.4.LTS/include" --reread_libs --diag_wrap=off --display_error_number --warn_sections --xml_link_info="self_test_ADC_linkInfo.xml" --rom_model -o "self_test_ADC.out" "./Ark_Drivers.obj" "./Ark_Process.obj" "./main.obj" "./tm4c123gh6pm_startup_ccs.obj" "C:/ti/TivaWare_C_Series-2.1.4.178/driverlib/ccs/Debug/driverlib.lib" "../tm4c123gh6pm.cmd"  -llibc.a 
<Linking>
'Finished building target: self_test_ADC.out'
' '

**** Build Finished ****

**** Build of configuration Debug for project self_test_ADC ****

"C:\\ti\\ccsv7\\utils\\bin\\gmake" -k -j 4 all -O 
gmake[1]: 'self_test_ADC.out' is up to date.

**** Build Finished ****
